Flow report for FlipFlopD
Wed Mar 11 11:01:19 2015
Quartus II 32-bit Version 13.1.4 Build 182 03/12/2014 SJ Full Version


---------------------
; Table of Contents ;
---------------------
  1. Legal Notice
  2. Flow Summary
  3. Flow Settings
  4. Flow Non-Default Global Settings
  5. Flow Elapsed Time
  6. Flow OS Summary
  7. Flow Log
  8. Flow Messages
  9. Flow Suppressed Messages



----------------
; Legal Notice ;
----------------
Copyright (C) 1991-2014 Altera Corporation
Your use of Altera Corporation's design tools, logic functions 
and other software and tools, and its AMPP partner logic 
functions, and any output files from any of the foregoing 
(including device programming or simulation files), and any 
associated documentation or information are expressly subject 
to the terms and conditions of the Altera Program License 
Subscription Agreement, Altera MegaCore Function License 
Agreement, or other applicable license agreement, including, 
without limitation, that your use is for the sole purpose of 
programming logic devices manufactured by Altera and sold by 
Altera or its authorized distributors.  Please refer to the 
applicable agreement for further details.



+----------------------------------------------------------------------------------+
; Flow Summary                                                                     ;
+------------------------------------+---------------------------------------------+
; Flow Status                        ; Successful - Wed Mar 11 11:01:19 2015       ;
; Quartus II 32-bit Version          ; 13.1.4 Build 182 03/12/2014 SJ Full Version ;
; Revision Name                      ; FlipFlopD                                   ;
; Top-level Entity Name              ; FlipFlopD_Demo                              ;
; Family                             ; Cyclone IV E                                ;
; Device                             ; EP4CE115F29C7                               ;
; Timing Models                      ; Final                                       ;
; Total logic elements               ; 1 / 114,480 ( < 1 % )                       ;
;     Total combinational functions  ; 1 / 114,480 ( < 1 % )                       ;
;     Dedicated logic registers      ; 1 / 114,480 ( < 1 % )                       ;
; Total registers                    ; 1                                           ;
; Total pins                         ; 5 / 529 ( < 1 % )                           ;
; Total virtual pins                 ; 0                                           ;
; Total memory bits                  ; 0 / 3,981,312 ( 0 % )                       ;
; Embedded Multiplier 9-bit elements ; 0 / 532 ( 0 % )                             ;
; Total PLLs                         ; 0 / 4 ( 0 % )                               ;
+------------------------------------+---------------------------------------------+


+-----------------------------------------+
; Flow Settings                           ;
+-------------------+---------------------+
; Option            ; Setting             ;
+-------------------+---------------------+
; Start date & time ; 03/11/2015 10:59:50 ;
; Main task         ; Compilation         ;
; Revision Name     ; FlipFlopD           ;
+-------------------+---------------------+


+----------------------------------------------------------------------------------------------------------------------------------+
; Flow Non-Default Global Settings                                                                                                 ;
+-------------------------------------+------------------------------------------+---------------+----------------+----------------+
; Assignment Name                     ; Value                                    ; Default Value ; Entity Name    ; Section Id     ;
+-------------------------------------+------------------------------------------+---------------+----------------+----------------+
; COMPILER_SIGNATURE_ID               ; 146451088019.142607158903812             ; --            ; --             ; --             ;
; EDA_GENERATE_FUNCTIONAL_NETLIST     ; On                                       ; --            ; --             ; eda_simulation ;
; EDA_NETLIST_WRITER_OUTPUT_DIR       ; Z:/LSD/Aula04/FlipFlopD/simulation/qsim/ ; --            ; --             ; eda_simulation ;
; EDA_OUTPUT_DATA_FORMAT              ; Verilog Hdl                              ; --            ; --             ; eda_simulation ;
; EDA_SIMULATION_TOOL                 ; ModelSim-Altera (Verilog)                ; <None>        ; --             ; --             ;
; MAX_CORE_JUNCTION_TEMP              ; 85                                       ; --            ; --             ; --             ;
; MIN_CORE_JUNCTION_TEMP              ; 0                                        ; --            ; --             ; --             ;
; NOMINAL_CORE_SUPPLY_VOLTAGE         ; 1.2V                                     ; --            ; --             ; --             ;
; PARTITION_COLOR                     ; 16764057                                 ; --            ; FlipFlopD_Demo ; Top            ;
; PARTITION_FITTER_PRESERVATION_LEVEL ; PLACEMENT_AND_ROUTING                    ; --            ; FlipFlopD_Demo ; Top            ;
; PARTITION_NETLIST_TYPE              ; SOURCE                                   ; --            ; FlipFlopD_Demo ; Top            ;
; POWER_BOARD_THERMAL_MODEL           ; None (CONSERVATIVE)                      ; --            ; --             ; --             ;
; POWER_PRESET_COOLING_SOLUTION       ; 23 MM HEAT SINK WITH 200 LFPM AIRFLOW    ; --            ; --             ; --             ;
; PROJECT_OUTPUT_DIRECTORY            ; output_files                             ; --            ; --             ; --             ;
; TOP_LEVEL_ENTITY                    ; FlipFlopD_Demo                           ; FlipFlopD     ; --             ; --             ;
+-------------------------------------+------------------------------------------+---------------+----------------+----------------+


+-------------------------------------------------------------------------------------------------------------------------------+
; Flow Elapsed Time                                                                                                             ;
+---------------------------+--------------+-------------------------+---------------------+------------------------------------+
; Module Name               ; Elapsed Time ; Average Processors Used ; Peak Virtual Memory ; Total CPU Time (on all processors) ;
+---------------------------+--------------+-------------------------+---------------------+------------------------------------+
; Analysis & Synthesis      ; 00:00:10     ; 1.0                     ; 391 MB              ; 00:00:03                           ;
; Fitter                    ; 00:00:29     ; 1.1                     ; 769 MB              ; 00:00:26                           ;
; Assembler                 ; 00:00:15     ; 1.0                     ; 388 MB              ; 00:00:09                           ;
; TimeQuest Timing Analyzer ; 00:00:13     ; 1.0                     ; 434 MB              ; 00:00:04                           ;
; EDA Netlist Writer        ; 00:00:05     ; 1.0                     ; 326 MB              ; 00:00:01                           ;
; Total                     ; 00:01:12     ; --                      ; --                  ; 00:00:43                           ;
+---------------------------+--------------+-------------------------+---------------------+------------------------------------+


+----------------------------------------------------------------------------------------+
; Flow OS Summary                                                                        ;
+---------------------------+------------------+-----------+------------+----------------+
; Module Name               ; Machine Hostname ; OS Name   ; OS Version ; Processor type ;
+---------------------------+------------------+-----------+------------+----------------+
; Analysis & Synthesis      ; L230204-WS09     ; Windows 7 ; 6.1        ; i686           ;
; Fitter                    ; L230204-WS09     ; Windows 7 ; 6.1        ; i686           ;
; Assembler                 ; L230204-WS09     ; Windows 7 ; 6.1        ; i686           ;
; TimeQuest Timing Analyzer ; L230204-WS09     ; Windows 7 ; 6.1        ; i686           ;
; EDA Netlist Writer        ; L230204-WS09     ; Windows 7 ; 6.1        ; i686           ;
+---------------------------+------------------+-----------+------------+----------------+


------------
; Flow Log ;
------------
quartus_map --read_settings_files=on --write_settings_files=off FlipFlopD -c FlipFlopD
quartus_fit --read_settings_files=off --write_settings_files=off FlipFlopD -c FlipFlopD
quartus_asm --read_settings_files=off --write_settings_files=off FlipFlopD -c FlipFlopD
quartus_sta FlipFlopD -c FlipFlopD
quartus_eda --read_settings_files=off --write_settings_files=off FlipFlopD -c FlipFlopD



